<?xml version="1.0" encoding="UTF-8"?>
<!-- Generated by org.testng.reporters.JUnitReportReporter -->
<testsuite skipped="0" hostname="LAPTOP-HJHP27R7" name="runners.Test_Runner" tests="10" failures="0" timestamp="2022-12-14T15:57:39 EET" time="136.552" errors="0">
  <testcase name="runScenario" time="16.316" classname="runners.Test_Runner"/>
  <system-out/>
  <testcase name="runScenario" time="11.898" classname="runners.Test_Runner"/>
  <system-out/>
  <testcase name="runScenario" time="11.434" classname="runners.Test_Runner"/>
  <system-out/>
  <testcase name="runScenario" time="14.595" classname="runners.Test_Runner"/>
  <system-out/>
  <testcase name="runScenario" time="11.754" classname="runners.Test_Runner"/>
  <system-out/>
  <testcase name="runScenario" time="18.589" classname="runners.Test_Runner"/>
  <system-out/>
  <testcase name="runScenario" time="11.635" classname="runners.Test_Runner"/>
  <system-out/>
  <testcase name="runScenario" time="16.162" classname="runners.Test_Runner"/>
  <system-out/>
  <testcase name="runScenario" time="12.368" classname="runners.Test_Runner"/>
  <system-out/>
  <testcase name="runScenario" time="11.801" classname="runners.Test_Runner"/>
  <system-out/>
</testsuite> <!-- runners.Test_Runner -->
