<?xml version="1.0" encoding="UTF-8"?>
<!-- Generated by org.testng.reporters.JUnitReportReporter -->
<testsuite skipped="0" hostname="LAPTOP-HJHP27R7" name="runners.Test_Runner" tests="10" failures="0" timestamp="2022-12-15T19:54:51 EET" time="137.228" errors="0">
  <testcase name="runScenario" time="13.388" classname="runners.Test_Runner"/>
  <system-out/>
  <testcase name="runScenario" time="12.987" classname="runners.Test_Runner"/>
  <system-out/>
  <testcase name="runScenario" time="15.746" classname="runners.Test_Runner"/>
  <system-out/>
  <testcase name="runScenario" time="19.531" classname="runners.Test_Runner"/>
  <system-out/>
  <testcase name="runScenario" time="11.786" classname="runners.Test_Runner"/>
  <system-out/>
  <testcase name="runScenario" time="12.850" classname="runners.Test_Runner"/>
  <system-out/>
  <testcase name="runScenario" time="11.451" classname="runners.Test_Runner"/>
  <system-out/>
  <testcase name="runScenario" time="16.351" classname="runners.Test_Runner"/>
  <system-out/>
  <testcase name="runScenario" time="11.390" classname="runners.Test_Runner"/>
  <system-out/>
  <testcase name="runScenario" time="11.748" classname="runners.Test_Runner"/>
  <system-out/>
</testsuite> <!-- runners.Test_Runner -->
